<?xml version="1.0" encoding="UTF-8"?>
<testsuite name="helloworld.AppTest" tests="1" skipped="0" failures="0" errors="0" timestamp="2021-10-13T18:17:23" hostname="346KZY2" time="0.437">
  <properties/>
  <testcase name="successfulResponse" classname="helloworld.AppTest" time="0.437"/>
  <system-out><![CDATA[]]></system-out>
  <system-err><![CDATA[]]></system-err>
</testsuite>
